38153
15768
10103
38488
42184
1034
15543
36534
36485
27598
12577
37519
47637
11479
31228
16522
6766
11835
21688
8529
19319
45163
26973
8989
20646
1974
20669
8905
36324
29518
26498
13286
24807
22243
27397
39393
10189
17840
11639
34597
31356
6013
22426
25762
5426
28835
24450
16153
42330
2059
9157
17747
24108
18425
24911
1893
13886
8100
1249
4367
3740
19995
11322
1839
2306
24509
18184
11479
10827
11672
8857
12069
7789
34229
5510
40650
23292
10279
16895
3395
39071
23033
9602
27666
12486
42079
3226
6015
19754
11067
32313
6051
11835
1206
3368
18958
8934
18493
9485
3189
