187861
154770
389711
86198
262969
11783
202078
331024
397712
332414
384661
221145
108644
265900
44678
69954
75085
327070
157830
236030
198063
52893
44366
174558
363532
117586
227769
19630
460756
190940
97911
137337
358808
149488
54607
453138
176218
152573
171841
25253
164294
275111
255125
2009
69024
214198
66851
44926
243923
88195
154423
468457
77852
150159
159600
126204
225419
79291
7378
249228
88081
34145
19824
200976
274206
9171
72717
258987
271991
281110
349533
94929
47222
153320
251737
191808
346191
36436
115624
36912
39876
258332
84059
253243
101939
273376
419539
16086
172861
6703
118758
83909
414396
436062
289121
132706
11770
264202
120760
95309
6008
70083
39921
142056
429671
47164
372635
12755
86933
158107
449227
355994
30148
335534
120623
108299
134966
13756
108712
364039
407799
60859
151645
414206
186250
92454
102438
54888
39891
168004
178451
249494
25511
121005
185061
65839
24821
268218
45606
444768
63280
273971
94571
98199
46641
114421
179962
179503
187633
277099
39617
106596
336844
270291
178735
78380
132951
98276
10222
143833
132730
438176
340326
20925
91230
180451
75574
316560
230619
34989
105204
353084
31941
79617
206511
145205
291443
58827
108464
130910
284593
152125
204891
376128
450695
324835
455949
310209
89532
292382
301728
193976
41730
146576
404572
84737
285684
119345
75232
79667
9800
216093
128993
129271
1004
155907
172364
311230
24679
150005
24991
101231
17040
40453
181154
378089
250430
216511
69091
97497
75076
54186
249882
52115
298486
8386
17671
204930
86371
206344
453081
427020
95056
345438
14024
46487
14297
340628
77645
19421
206014
321772
44033
356561
69839
59167
408420
104022
393618
26178
347161
192151
50728
66693
254115
72797
206657
145912
86490
301489
325158
181735
227600
75196
16363
221159
430317
175529
149354
95058
220387
239208
74891
59403
342699
26364
162573
97641
96698
70741
290116
35084
144253
61849
122643
8315
118861
352290
105274
181960
149979
70731
17585
132298
162354
236348
125965
30642
167244
392738
8845
117071
20870
122983
73597
105197
124269
205839
13021
10745
149115
299045
443009
71333
299188
321634
339567
397058
271259
322178
29156
402633
296971
34638
194122
106713
35179
17010
457517
67752
27402
24816
71387
339550
82179
131269
34690
174206
210566
35255
114626
25811
133718
203972
122796
242981
428339
310
179647
126460
352076
144112
126176
440236
144493
97153
84594
201395
146234
58137
145995
95736
274548
57922
77143
141118
291563
283449
147698
344684
103744
1221
343204
137457
225258
115038
90703
76934
306885
16971
163347
196981
26115
141139
399351
191243
66598
285826
131177
242713
112769
217054
433967
242833
52908
414484
65430
240704
319003
67185
20495
371966
68048
24524
39364
98533
125391
350416
233671
106423
308998
8700
106823
134438
29871
134859
329818
72511
136301
325177
295475
183403
236543
267982
270430
275521
186288
437443
160013
74476
273987
302968
19489
25501
88495
182222
128863
58529
29529
35306
28513
257225
8756
262866
160685
349411
82890
304380
156075
84981
21776
53091
410690
334793
99644
86665
145839
24460
314358
40422
111468
62043
16203
83192
156748
29107
93602
17854
134528
198599
105113
90391
417661
156647
295283
281675
36642
189781
141554
22585
254003
90892
159122
175622
121072
189052
45918
100594
213411
50426
237784
264061
18330
350747
191230
271019
140459
70690
400397
183735
82838
308551
138280
412218
348239
82970
285253
88829
94545
111162
20190
44552
13473
130944
258104
66041
97780
49389
368944
288037
22136
84871
301240
305835
124833
343960
154387
94834
27070
341406
156817
104945
174650
8520
65407
49211
175834
155794
155907
173965
154662
20702
395766
43160
82208
137410
121742
36860
131933
104213
267444
111806
97741
319086
442442
22583
138758
289413
176871
172673
37242
8317
164985
30233
74327
161601
2988
35016
208972
27418
84211
194010
95814
137398
112267
185475
106692
18422
266638
412132
139674
54454
176807
36708
27874
50655
140308
422317
108902
273991
20014
27958
70218
62375
144180
9651
149127
266003
101456
41639
14380
419651
255002
7004
76095
251526
28962
397342
178796
429488
85230
62314
330730
37857
9771
257834
180720
125215
318136
41900
275112
31905
252949
34836
48211
84071
117248
427713
68874
71900
62253
79049
189840
13378
19817
320442
308715
147186
272178
9108
44519
228836
60024
49723
67429
90226
162160
197864
214397
283729
45967
270195
299372
11622
400803
221837
66717
314289
253228
313004
43349
129896
389312
53687
186733
336859
45267
307517
114522
139591
19236
343027
306408
48489
85994
44794
161940
163966
193850
104886
387308
72243
177472
84438
282626
411748
24739
46878
123086
334904
442888
5066
366172
34555
22753
35006
92794
410590
122550
140705
389421
135912
418415
46977
276049
77417
358640
67117
68699
177328
60966
423734
368977
62749
183183
12262
446473
306054
121847
332327
66975
307841
174951
96149
39541
167821
130717
773
219126
43927
167986
62410
113643
135412
90776
88453
29434
292327
86544
304504
40778
266606
275324
21971
21098
306082
265989
39625
25095
99847
127252
185138
43729
264998
180330
341650
176150
122202
480805
68659
61836
80670
98157
198721
378350
44326
33412
235486
19216
26402
193694
84870
250896
97365
3881
178325
192173
395848
209118
38385
194492
247476
29591
420900
45212
157038
132000
173385
72580
87528
263087
46541
174504
82445
244643
128469
45087
241417
126125
93974
100994
45577
44519
92094
201203
322319
253213
14237
400200
305445
111585
453375
223434
98884
265018
243410
118349
129812
345320
95737
63399
130278
146315
265053
368807
136635
154447
24972
208985
272387
26064
136867
242804
78105
64950
80845
263633
394447
5039
100492
201929
164
216888
285991
324903
214283
65108
116650
20980
312477
199302
180167
170105
1071
327338
190535
217578
242713
161619
166811
54308
40578
115336
275401
141718
192854
416520
174379
94735
254457
83084
27523
121073
53373
294428
392760
417852
87698
26606
406142
147812
111263
233950
158063
126082
91217
350762
255459
267466
91870
164635
103125
154896
89463
18248
10178
218304
66180
94157
166320
127451
241673
13889
102306
130493
83518
298413
254507
15157
116264
297641
189914
268653
9442
20825
11
99865
436737
237426
189093
14354
44519
69468
224963
281584
61567
120599
229647
103299
7201
135754
21794
83791
157752
448594
435409
360959
212216
410756
6854
102203
69010
84513
261060
5683
151698
57516
39754
46880
10815
81072
176931
147576
189546
307332
118329
379738
394413
307587
16582
44163
176924
477184
270946
79986
181616
40401
94786
146115
69997
37647
212941
381527
138478
20957
360517
309567
392231
140814
134358
74927
54607
163030
66321
77955
323533
369138
127811
45089
81641
85593
222847
57845
158925
65117
95081
284104
64406
71004
92334
