400693
1679601
3046808
3544363
208067
2481186
3614007
1158077
3086414
2946530
1041508
3444044
4025493
2661926
83000
1445993
2733992
751077
2230700
514318
782531
2352771
151634
525220
2391528
2435994
189655
108633
296217
2660277
418120
2053701
935799
2797084
1007175
1914206
458509
814713
265332
2045436
900899
1642297
1204980
2774014
2323576
1117887
89193
4017106
3743928
287549
3378783
652101
1320343
2327507
3225933
520905
683449
3077066
3884135
971635
1779853
954672
2396107
2511564
1901322
951007
1845669
109587
1171359
736577
2694878
543928
237229
306008
272301
434586
693968
1767996
535589
1434918
2110871
2765735
483591
1315798
1478125
3560833
145131
4628431
781598
445931
565672
2009665
3669354
604286
405228
108847
1273589
710499
3707160
483118
894803
3503368
3924173
1458600
53651
826982
2135091
1916688
1717403
1667591
2441942
2199234
4110922
2165369
539221
1297279
751337
687589
1015815
478322
25960
3263779
970002
109058
39989
3290279
1360629
2768604
406222
3152531
4231875
1582017
483802
3629892
1953025
617427
1222283
984475
288529
78179
912821
2435721
2663203
2306073
2324647
788614
1771555
3456837
149319
4372714
1881836
903209
3913890
4643085
2166438
878084
1311509
2632441
382555
3675730
2265333
3227186
3693812
3589594
2335463
1005318
1907998
2623720
183361
593785
1381003
1919152
1342818
2110799
3221027
723406
4263653
2775107
556132
3055963
2935528
2255954
2978738
2098368
3464783
1170016
1363537
158463
4581883
1278591
685881
986788
2195637
1634521
176400
2067271
1667600
2276174
2306882
3637574
2253603
1797303
1433750
1768814
2522424
2278344
83222
51734
2854737
2577478
1527753
271800
2922222
1899321
1178694
4117411
1902173
785735
2386224
3598931
2243019
1548080
155871
210060
3440797
2388740
1926236
1732516
442347
4807119
1087432
1049326
273733
3460916
837224
613447
1504627
533791
2414134
772645
374258
910198
2840443
363148
637573
708239
1638196
1515471
2183218
2927927
888864
150517
1712950
905761
3541924
31696
135710
2702822
1419822
1299690
32888
1622987
1470071
3280108
626044
3236306
1176464
851762
4065120
2023847
203241
2659297
3787471
3307457
849719
305567
1694439
616115
2317684
3310549
1965460
2264276
1853344
2073596
1253376
1684342
3796018
719845
1144293
3103422
455894
518379
861196
812185
1531849
1171697
2296351
1908948
2419649
3009272
1277873
225127
2687023
176275
3452442
568621
780370
2060359
1084356
3240639
339922
1768679
1505008
2010215
2289268
2172825
2925128
4207314
110205
1325958
193862
1186342
2523720
907893
1249222
1826090
4138
2066261
1502450
2572477
2668097
2385323
1991325
2667541
719403
2446888
3396543
3676755
317332
1408946
2719015
3144915
1811767
744927
636191
2117305
129250
590523
1206294
801563
236791
1496140
1088488
2789217
1978797
2286812
2401215
2454618
2529360
2696652
2950441
4564323
1226636
1195426
1555865
3743563
2044028
4511320
1105825
1413590
1543920
592762
772848
2741790
3324014
1852938
3331771
587813
374725
2785898
2821623
341452
1109456
3056138
3416024
446024
1393167
2908344
853046
557574
107148
2628745
306553
1447933
783900
978661
2057193
3023416
279506
3577871
1324084
647349
3910935
1655518
1260039
2642567
40160
596355
1768410
1017693
1100409
1900966
3083534
2261853
1711599
3942526
2702686
505933
1374371
3497382
436267
794645
2345619
523685
3346371
3357718
3721611
3536836
298880
901337
3246437
2462957
2278158
951994
1279743
1010242
295028
984229
1350212
581273
2182874
309768
2374846
231560
458062
15956
1229797
2908435
2395492
4148979
4292360
1239269
2978555
2862346
1250786
1362800
58861
1192497
3400448
1329515
4225304
2626810
1064486
1257373
2533469
676717
2002908
2696120
4105534
2397544
2896000
1249390
465028
2241122
1376962
2193262
3094040
2686812
2124065
4746907
801019
946335
1733561
3651949
2505625
259805
138944
167959
1582009
776515
825273
1857406
2054813
2972396
1960966
1958029
2708817
1507616
817630
1596163
81847
2297898
2930834
2070447
1225040
3844983
153720
2273019
2139489
2022473
2097754
1483619
957686
968108
1023799
3176532
3868680
4142273
198793
3192555
2386711
3276615
522203
4310725
80588
3120412
432085
61477
375429
311749
1488603
2628661
1246584
4225080
2715847
2096899
3160127
439956
401005
1843363
292108
3335509
908724
3889956
2501065
491330
3459095
3441073
204447
4159292
71899
488308
1489680
1050772
744687
2434490
1646088
403744
2551981
691185
2936578
4148370
1117176
1507798
128131
3438624
3536771
258887
2950910
203060
725519
1587430
146789
314072
1846827
2202375
592556
559690
513655
2619059
394136
1152060
948855
520948
433768
3685429
1488791
270997
1482303
1809676
757156
2234559
2085151
3052969
383185
175324
3573073
2578412
4551384
97060
2260029
1104988
2764284
592183
916651
824855
1658741
109942
193950
1945546
489244
4409090
1512363
1880108
3630226
357227
661320
716870
479160
939443
2653251
1000246
114672
2111516
3115599
2689193
2554803
392401
119209
876989
435142
1155991
879750
48480
1986614
948882
2206031
2166587
3038916
2307026
1538040
2039030
3630300
2008492
272585
3856888
1170010
3576248
824885
639466
3884647
838460
2712056
1499576
2628157
273977
1541507
1926429
1022788
112198
1224776
427753
1652700
2965925
3050282
1991483
2311414
1757712
869622
261551
1721911
2099840
1414790
25997
1089514
2199743
481913
189047
3147502
1153948
520046
3191902
2662158
3089665
2121238
1755251
3309831
186503
2314003
1530253
1466548
3599361
1892939
2118562
256121
1309151
631616
1531313
430911
3256161
1691987
239636
3441533
1978581
3787005
3868228
443782
389567
3114320
2430240
6617
1842825
1461475
757143
1831239
2715055
930273
1381507
1587939
191878
2253798
922771
2448335
62005
4598160
4119279
4179281
1018105
1291138
1475638
961020
154452
404151
2532138
2188884
565205
1813835
2802798
3943702
3715192
4218107
2097395
1099435
2679649
626580
1642661
3303963
1634216
3442441
951144
108587
131071
3857846
513438
863101
1419892
1086424
3008823
835921
2007725
122001
3588099
366526
1768683
362624
490789
2220255
2561106
1945587
473519
104670
2024314
3185594
130845
791193
708866
446465
4328818
104532
1474267
56282
958220
2523046
1193371
282705
2743431
1191590
1562384
128715
1042865
3351806
1586163
1414796
1690385
1458334
967063
799393
1983977
3469715
4117194
93852
972387
1451153
2456960
2692091
936428
1050290
1748880
241621
1663547
150755
54587
2580311
3852165
1039549
3259120
1007764
2573644
2865719
4059831
510878
945720
1223911
206844
2237236
12662
1024602
26127
279153
1595633
1338660
704035
971424
2159771
231860
2935328
1309956
172886
1600921
2158082
3217747
1933136
2202801
1727394
885091
1185745
3110880
2377505
2928777
884229
949806
2990381
4025896
1069307
2645
92819
2234179
2262106
992919
1667208
961494
2347441
2922239
3079519
374977
4070684
786478
334214
2842718
2674387
3451021
966840
172162
4580856
1014379
585661
1888450
950690
1415877
1050298
2484448
2848894
2247444
1832162
3481156
3401988
2315973
3108207
1888101
2143596
674350
801531
1658505
1634278
362633
2798352
2122520
453460
1069788
2691611
944236
1587269
111964
472299
758809
835710
1390158
4313138
1567010
1155191
1811971
2944440
1315851
3347340
749895
197258
3606202
8746
2874702
332032
622506
2061196
984549
1309254
2283374
2439323
1835517
335790
135627
3736303
623141
2636543
2546674
991434
352428
666745
2464752
2236249
812441
695267
556190
1671100
568954
4428980
814167
2864680
2181382
1067941
3747358
562365
1896006
3776580
1016676
446440
2959881
2784620
3516437
2700121
3374451
1797989
406511
1109307
44122
555772
1364681
2934027
1218497
1781500
2812154
1623255
1595493
517992
462942
4193083
597774
354287
1662154
598495
699005
2171797
2931722
1483926
82618
1510211
1623065
960752
4304028
3414213
2344434
3654431
1805270
1840724
866892
1466768
1402150
3614487
4087446
1466767
122756
2040362
159309
1823097
3461992
1106875
2697805
5181
3138360
3477106
2511774
4267105
776466
1013349
1885025
2343461
302403
1926288
476184
2472350
1543028
927021
3346017
2511289
2773266
2876065
827416
475146
139513
1683627
806307
130060
2424202
3055244
1009149
3186686
564748
495359
1324327
2710724
116524
1715755
550063
777746
238158
2393491
313
1497431
3534657
1209868
791039
1044631
1070371
3353273
3711152
835585
2245595
1963193
141006
310249
336846
2251082
345540
1068465
3953401
1544872
3618502
1322980
13173
2790414
1814948
2382539
612167
1872363
1193115
1910394
118408
528458
2029221
654837
2756629
1043686
150570
637369
1757703
2033819
2625358
492066
1560693
3330226
1447495
483912
3212925
2012957
1811595
3684458
833914
560446
2913344
806395
745914
566873
677928
442215
3974167
2580368
215675
2812209
2041662
1731653
578672
2114807
59385
400071
794499
4014811
940120
57536
1578813
2483037
840259
3157581
938523
1785076
417328
1278761
409794
93221
94215
410606
154535
4030216
283390
788240
2437202
1905026
1775532
1082680
189174
995034
705639
1783773
89697
1372231
212787
2323331
4583056
2749921
3578663
1373701
1879568
1540942
1122595
1064447
3015831
1015230
883672
904845
256172
2471882
3506502
974584
3077197
972563
2756140
270893
1266349
1020163
1090809
1991556
323259
281376
19729
289006
1973728
720327
509547
1886339
1559714
2491919
4245586
1523598
1477938
221179
1018477
1436583
2199109
800668
2526827
1991465
3867457
1851740
287530
821982
1540479
677386
708768
1372276
227480
2966993
1120645
1011286
628689
1500842
2661364
902103
1160723
1773130
4096560
993506
2389246
1421577
1127241
711675
2145764
1484974
1816503
966125
2239570
665562
779250
155612
633276
1253661
2121983
265737
30424
607881
2281120
247514
40381
1302478
555962
2524289
2803478
273419
2828523
66696
2338968
2425962
1700107
664144
4392451
3869939
1069243
1662682
1691794
977776
3171305
1249991
1598183
51573
143982
288253
281975
869943
116561
1246324
856093
1426226
1961003
705385
3753468
4024030
543556
546556
1841580
2977397
3999527
834182
3034746
78030
3221727
908929
514807
950400
269109
131552
440177
1301502
743087
69221
1557772
1276560
2815591
2514128
652155
6248
1362651
27292
932578
3587104
790123
470850
2545860
672445
1558750
989943
1160778
2564362
567464
2998074
2363918
963446
2092433
4023820
1907284
1095650
1143639
1003560
371137
3414291
2075105
605411
1711416
421427
220162
1887335
2543745
3139668
717577
791633
108670
1942023
4256880
3981850
2384680
3405006
718999
899114
681367
449926
3722373
1283689
1168606
1727970
905783
2681415
944162
31243
2364924
2971134
2264249
765341
2270133
472995
1700427
1622251
532821
1630759
735222
3568703
3901340
2406963
2211768
4692489
1507355
1931940
2840123
4346412
4197181
1301353
1130777
409207
2249319
1600313
118677
360458
1685205
284514
2268806
668476
3531077
188974
330099
529449
1920067
1432477
559727
4070374
765832
263125
1302679
1583444
1433710
643293
530945
1418318
4164755
1999230
428965
2229384
4542339
923974
2968780
761002
2458306
1561950
131700
1528221
522882
1328481
907869
1665212
984689
2123247
1624523
2048510
2706098
1579071
1099487
672389
2835693
2873990
2271514
4008264
2807447
2522332
48366
3820065
4235225
303703
430149
1739675
2858094
1990958
695078
2423190
17183
3066488
1734021
2172359
147473
3424021
2859714
2077856
3312398
838200
383340
162132
759441
885370
1918928
300068
1037732
310970
527338
362562
2729070
3436875
685238
748300
916668
2665409
2526250
1353274
2817400
1562534
745082
780263
1042447
413386
1372518
1930251
621411
2051544
43971
4357982
3700659
4583227
2356917
1476931
982264
208393
1326762
1286961
1642409
294615
1717244
3382831
2060847
2969733
1449722
3888243
1265420
2069700
2106204
716623
127025
3300502
1061788
2002874
338709
193170
1588957
2439752
3194686
683096
902188
595013
4234291
4099050
3234671
1301570
246607
1477969
3302145
944253
2913311
685878
1559080
431542
438827
490465
2530644
2649709
1401821
64232
3013529
2175863
893604
1475236
845645
360400
415489
4791694
1464165
308868
1355582
1415612
2421421
2165284
2942625
1749515
2139721
2852768
911867
644015
3593709
336981
613952
3956622
410463
2201920
340878
2501188
216090
1816243
634372
3085227
13686
3557830
860367
507799
2371961
8867
973652
1005121
1282082
1796268
187330
1251605
2254880
413586
2156938
454776
1276082
3243646
3956913
3560425
385450
1207843
572012
1613302
404134
134361
889791
1968893
1277140
3850537
910990
1712448
1929421
824794
352343
246188
1362700
1249228
3307075
274075
2300982
2109741
686052
976304
453187
311389
940375
4124806
471157
848431
705662
141611
861773
372036
733368
3744787
1081760
2306600
1635996
999723
760908
1953681
1831964
394703
525034
2353833
1044409
3735108
2066910
2636959
195457
4855889
2733798
2315464
3024268
117241
2518511
525072
178512
2812409
2375443
3007733
2701142
3616571
3034033
2951020
3332962
1237935
3059094
2678986
79592
1271456
887811
1587205
1913070
1824853
342650
853884
474238
364814
2242292
2240054
2794888
582000
585662
2741851
90642
1481743
863398
142285
911325
1481498
758454
1147454
2726057
2857407
1925517
157164
2469466
579866
1681198
556512
1910975
2523713
3716171
3223907
428286
2213111
313078
1197506
432595
366596
38225
2517489
619939
828852
933392
493613
49794
740025
3618382
304448
3006405
1205797
1996943
3520742
3293821
877543
895871
916859
2043798
489438
647825
3212637
855229
203924
304667
1789647
422239
287499
3707266
1233243
869138
905146
4750929
4666278
1412198
1109549
657801
1848305
28219
248876
692981
3660469
2100003
3240010
408900
3372012
3449750
2599964
3827159
103961
2499803
3265590
571065
1132321
1832824
2733392
3297306
475869
3332302
3656192
3310880
3222351
1379165
243185
7981
92737
1580183
2024270
3528140
3561554
1761558
2328279
2541926
543932
1473731
311531
185259
119965
3016847
923522
737571
3719327
564117
49789
2345822
308482
552852
793096
4257821
2066211
3337077
2134954
1285706
150072
4117667
1247996
2127058
725641
128939
424723
1607097
501439
1877549
1248535
259889
3953823
43168
1647737
474468
3831709
276646
1079373
1911932
3344257
1137758
1476931
420902
2970264
1652515
2616503
4206324
3657929
3418665
1478373
3363927
1495818
30446
2283697
1211707
801934
1300666
471556
1500641
2327313
1598307
3214567
206059
1329698
637942
1913741
2796857
1777636
2828609
887702
651842
500160
768446
295496
515390
2566975
2967949
4727008
390516
1845568
3535897
3840935
1472952
2398465
164108
465829
197532
154306
1209525
2986525
237921
1145593
401436
1453598
1980865
4427467
2120314
3018242
3231646
3578669
475905
3897602
315063
71627
1478649
360314
1539304
2976928
251947
376075
591414
2827461
2238488
4500539
1034589
1239158
1227484
84609
1437154
4424951
849988
1048984
2559053
533301
4356362
1698731
2378214
1048136
371934
667466
242276
3724458
2094530
1062221
970558
3327226
711929
4472043
3346884
2129716
848046
283056
944201
215521
867960
3048487
3472313
155979
892671
2803039
1025137
231513
1212924
1720004
3857379
2305947
920765
642465
1415396
2525735
1842118
111432
1627116
2282799
1277956
2781615
1890628
4078806
1485187
2701274
2114677
1669070
696932
58314
453790
873379
1082774
2929101
822675
175564
4353927
1282186
571548
654826
3721382
1158462
2047056
1068546
1610276
1283944
551771
754035
226684
1727266
1016096
2720011
3064810
275031
2364518
2107998
709633
2986133
91271
2292493
214341
8229
587878
4727858
1401118
1133629
2043640
327272
2079955
1983514
298516
2382687
3082854
357915
2843158
291569
1928606
1995168
2684926
1935417
2562571
294350
119784
2800861
1219540
1672237
2860267
3545909
1513937
2134653
1575864
632362
1578473
3502165
85123
203886
728094
19542
2905463
222527
2578930
1279503
814642
1241302
1209481
1720012
2191944
1161818
21602
1312644
1131483
2257273
1189351
1986850
1310055
3227553
2134161
1027319
2067472
2862385
4269508
154227
1196889
2135729
3685216
2001041
407132
1564965
1134722
1071703
979205
1137021
2786696
4068763
124164
102107
75392
2479345
968604
658824
1302793
507107
582328
2422958
1150432
1436318
3598473
1001767
29807
2153423
670056
968830
1665120
2472401
710667
790626
828146
3875990
1785803
868360
1076867
308338
2602881
1152303
766615
2422116
3194419
2938264
4290412
4014062
1323887
2056675
1683292
1747331
1664601
953458
1743622
942875
2525786
151286
1346200
3426833
377666
662876
1742215
253571
1783336
3404040
1755491
3316927
341294
2322947
2527322
1012798
1387588
2031895
97697
528941
4098699
3136082
3190432
1071864
210339
287013
2551763
2749710
205513
1799844
202111
298407
3089622
1021456
2760113
125796
2511646
2072882
1695985
1096459
4687593
1110290
1818294
2318585
3935570
1109805
281817
3834963
582803
1769956
465526
778036
1527956
467609
1324473
3879333
2952892
1170359
1077847
493386
982432
2337787
1433885
340579
2457554
1166351
3009123
954267
614152
3466372
4144282
2753870
1575864
1835999
1864668
2276791
3526706
1448171
394707
3716540
1082666
120891
2459628
632392
2515590
1256113
266493
3986716
655547
453354
2026969
3899020
849602
899604
2167979
592948
2255505
1943803
590930
219995
2778209
175170
56024
1140736
489625
506834
1605930
478084
185409
1642419
4234118
589283
912122
1260512
2324112
330004
1579446
836194
2785968
821283
2117010
3982402
2554024
1562031
1070878
610952
1332079
1857117
1918719
1698061
479371
498221
871228
2367083
997799
171724
244492
532525
4496171
3356111
4229727
3678869
1616125
1155877
3084834
3676346
1378961
1269646
541040
3611000
1594069
273806
689252
316470
2595305
1833464
2647369
183059
2535570
2310456
685449
1726810
1601436
1227419
1950153
1320328
3442101
435135
3140768
2543552
7461
861154
684733
1850454
3433383
693170
1453846
1538983
2745359
2999314
2321016
3463053
3988629
1819481
1119383
49723
107898
266842
3300858
2682086
3831507
925528
4421948
1536480
223067
1216288
2652904
1105256
3457793
2791758
23682
3879073
1735706
430895
2596755
1818195
184611
1818220
3942598
932643
37622
2304455
3011881
520254
3042950
1758420
1777609
1848451
1826368
10379
513050
409697
1372016
2228595
3237179
878606
1547961
664894
633189
1016443
768206
1896056
635107
572831
289896
3490073
4163241
1254605
3603520
3997706
171846
2041505
1273941
2072585
2574343
634039
412927
2276756
41445
1683032
1553677
1902249
145874
3178517
3275268
2198154
1085349
174128
639850
3625674
356547
268886
1317604
1820751
1373079
855290
1866866
2167652
957748
1452845
217680
1030279
3341492
637218
2200709
3653824
2654703
1626365
2309226
289313
1392365
1120451
3301512
303489
1811593
1193028
341872
304609
4267556
2569087
3495344
852014
1841249
1635156
2751692
3283463
98913
3102220
3382631
2261283
838409
2234837
35923
3636309
2685938
789140
1638520
612677
630085
575000
547879
1737811
2158912
910255
2696165
2612026
1918447
1061838
1818466
655819
692284
2861148
92247
1071062
1699135
1414721
1373203
2304967
1917369
991822
333142
4276660
3503699
2302548
2320759
2299262
2544
538397
301130
4146220
265674
18479
155221
245934
584322
2787236
1668389
192770
383523
1187740
2368026
458051
1072118
693293
1702315
204749
1832444
3601623
2469821
3375678
113909
1669917
276717
223130
730564
1277117
521612
497424
413610
3032681
1875676
80278
2319981
1077480
2370181
2903309
268357
2247968
4366307
63847
135566
2346368
821199
111561
1083190
1499952
1011337
900516
2278140
2473184
1009456
548270
1675493
1235105
1694439
248884
537075
899887
351806
693616
2351139
1746046
2234131
1088161
4196087
3189707
838004
3306313
3403928
43157
933449
1431827
1796879
2956695
3391408
1426765
78404
2302593
608677
296552
4173203
2477891
945162
2121759
1400501
1363515
1769523
637525
2512065
2156254
2708008
2014694
1691144
1973276
3307725
1678212
3617855
4064651
223533
854237
115476
840703
2131471
1277992
1900574
649726
494260
1331319
2581999
3209879
1765628
1447385
1282235
4915709
692202
3149452
1858170
2698717
976248
50813
955016
735799
1932618
1729273
2068081
2945454
284104
148495
1766184
1851777
732233
281199
547702
532056
2435258
169096
1299645
2149485
2141802
35931
450136
206180
3773629
826847
3278883
166050
916954
1778311
2326606
3942210
652747
1541140
1725663
18250
968957
2303305
568495
2125471
1563626
1181175
1390135
680979
2560146
600660
809121
1622943
2456146
4174789
1224478
161188
2189391
690281
673539
107067
874688
519779
995751
389626
408104
1667259
3109010
2361465
35799
68888
2113219
123029
2907305
2813707
1975979
2703931
3260016
666177
1049502
2688187
812560
2395860
604993
3246495
54959
788351
74329
1450555
1972600
1696713
2006751
2012114
777628
418856
4665576
348156
3022160
1828002
2072079
1379752
206734
82969
350800
191989
674376
2677081
4054853
1984395
1114398
1682572
1930312
3617472
1565272
319358
870339
875527
1746547
1189282
2716563
2351815
891645
622640
740168
1653229
1197932
943604
2069069
327569
1905522
3092983
3537328
703543
3674698
1488004
2045900
363385
1032151
1112715
1104587
245450
2506962
651034
773800
1393127
1010381
499192
3205138
1769215
22466
210453
1750366
3181878
315911
2726808
2115810
1844246
1009319
1875644
2277686
2697621
4000838
2095418
1297499
3823751
780371
525766
112477
96588
644144
3612578
698230
2385981
4404048
318563
196843
2946675
3081334
1844008
1219790
2940951
1173377
2875969
1923399
2964955
4513840
1436227
208919
84684
276413
465841
1548889
828944
2021417
911780
83107
549567
2340889
1447600
4389487
4622854
2113124
1453438
3277663
3839556
145464
1141281
1414082
1707459
471774
2561091
359229
512884
4707079
1860229
2764577
854400
1129819
1811609
235741
208550
3176822
2118022
1668892
2806171
2149769
2420733
146469
939077
202074
1256260
1776591
269414
97964
1003450
478567
713191
611117
150883
3517423
2750845
1220000
3793981
2629154
652034
1861742
819520
343468
2519821
306256
2372054
1486940
699577
624517
1916165
1802714
1488073
680905
862764
1300968
659908
543894
788068
766262
16134
1932968
903100
922549
655527
4328183
2496717
2301626
774166
1140754
3635554
1325093
373720
867017
3544822
1905009
2692953
4142561
1458166
1145467
1581484
986385
1198673
1893462
1863256
1964321
929702
1982486
1995270
956565
490268
141123
2772546
837456
3751506
2227101
253847
2355774
1592814
3586622
1371487
2173185
1661581
1047021
794943
299441
1922137
672741
972901
3320401
3467186
1347225
1021827
988568
3351553
1126146
741738
1475372
394804
2417444
1560461
2455111
2111132
1323263
1974846
1054811
3707395
555478
1719996
1383127
3901087
1362702
3051305
263833
1232781
137417
2726489
1193122
820644
1550837
2634272
145352
3060220
1938630
2231572
3160690
482560
871164
595446
2103632
3795664
185335
3063555
2551209
729168
1423436
1386453
825974
604272
678593
464539
1025930
1130002
2558330
624438
1092431
1794242
2406439
492171
3762130
4031588
1645167
1046921
1838600
3145609
3409886
1386129
1377774
441103
707605
1510657
1073888
1500682
1745077
3610337
1398826
589380
1798041
902313
908746
2561368
2260498
1993116
3338153
671303
2723941
122420
2371842
2551961
3593552
846609
3003661
1174151
1108242
3274730
1172634
1328429
136821
4653192
836426
4313114
1823970
703389
2378414
143481
2354927
381910
937703
1301558
1215
2197249
2108333
966239
756013
296887
865527
2093861
98440
186671
931084
309023
2546222
526800
2237268
156993
964905
1568472
3750221
1876555
2557875
1758947
2437572
4448159
1301752
2898473
3322611
554060
1953611
4385846
800969
2565318
2502454
985010
404667
1098659
673064
1504365
787469
2449699
2468909
941440
2992130
59475
283923
343049
1060935
2183221
266727
1517273
462298
508122
2100568
3804722
1174835
1839205
353101
447043
1122804
1526285
1160115
1377730
1893852
2633923
3158667
2300170
710351
251667
1600408
930125
1389522
87755
2366440
1655949
899484
643750
1018103
2473892
1163995
947557
1874174
257899
93727
1518541
89432
298876
2798112
3213314
580496
1908467
1429857
1721216
3161454
3554649
1219806
2667192
991815
39900
1226587
969399
4128552
965489
1479185
874054
800698
1431015
1383481
2818487
1364929
739563
834370
1878140
599960
1267780
3439113
1812667
4624536
1049360
4788062
1093964
3027288
3603115
2735498
1556702
1158704
3285540
3510291
6180
427543
332205
345431
1505616
3006546
698710
266505
33671
2068104
2589714
1266811
796289
567243
3932498
729532
1050751
849758
1371490
382846
3302588
2369788
1217154
1342271
3239024
1757196
1221154
3734136
1326522
229442
1793245
236377
1032713
2461077
2937660
1594257
3057943
1225370
1668415
2387217
618093
1106892
2185620
766887
794870
1677456
2317839
3345410
2045192
110914
1192733
990442
537501
1973307
1694168
1147608
408694
1670048
342501
946822
105010
1927346
2133571
4128428
467451
720445
421114
2962757
3113662
1793706
2703224
375068
252963
1861982
954546
1949644
1527031
1691849
650965
1642894
1705823
2167375
1970845
348006
2099078
1538533
3737046
234268
621583
1424018
150592
962031
853159
2429400
84966
2280385
1908777
1591350
2356614
2964398
2249420
1358056
515655
523784
973320
4061657
351970
412588
662958
2912836
1292869
2251211
3432195
3595596
3715545
4183556
760614
510266
1910268
2756030
1155978
1665434
2375510
988011
1551095
989156
2631340
4278793
1186292
4639505
36002
3529947
99571
2890321
677308
3811561
1979294
1952943
3168699
336769
69958
563158
1768729
1294288
594550
1849945
142052
258940
1571646
2684446
690709
3128370
3898295
3989208
1276508
2278174
518132
3720713
461645
283410
303129
2462714
1370300
689864
2710726
1059267
407235
3948592
4325503
3063704
94333
1172259
898354
1571129
1268128
551857
2329812
1271452
3507224
3533283
51347
4393313
392895
1626413
176818
2760264
4041226
1011519
398118
1398726
2073297
3984757
4553312
13691
2567331
217478
2630731
71604
3024279
970809
110666
1483063
1024524
3901681
296135
539011
184545
1322397
142938
799505
339786
1764762
4285330
360051
1537354
3774664
1332707
2295400
2591529
1683350
1242879
1872438
1919757
622286
2334922
1698452
1204560
3530724
1759282
1114488
1296220
43440
242643
1814045
415989
161247
2875475
446590
1361528
2048160
20876
3660252
2582425
3193256
4079800
2512126
2123534
1503391
3203873
2733514
1769831
1352234
156516
1159633
3907896
1558274
1615482
3813365
592033
90767
3528021
2348363
2004922
1317020
2433295
2787810
1992683
286827
38655
596542
3126177
329346
634405
2647199
2173489
2224431
2771177
2192340
900828
132346
1786008
1008360
1803708
2914360
1614921
3835267
725925
1360460
1098834
2958865
362
3728292
816789
3506088
3669240
1468128
986785
2855843
3883598
2307992
68163
2108066
245292
1042767
1077401
3335995
3384478
1127711
89042
2344713
4223498
879489
4297965
553679
2351126
1231427
1988372
1772061
745900
2291503
1303714
1400942
914406
2281394
2651438
2379129
3879411
365645
1113391
1342752
1591921
549999
329783
1310950
163511
81456
3758774
941484
3382969
1273955
531469
1214054
602887
835938
3592584
2544716
1620736
753710
1354419
1556307
4436869
808319
2794833
869074
2201240
1276992
4046300
954706
306119
827587
1063376
906497
3017699
2420258
1105294
1337507
1200659
2568006
3013284
1037700
1023569
146319
2140710
2215427
1221618
459095
3120102
399045
647005
3408690
2615023
2371444
1502396
1949185
1437491
3319773
167028
571407
1438258
2386265
254653
1350906
2629836
650266
40783
364182
715427
989005
1354752
363846
729962
751466
1490053
1108090
1827253
4356376
445072
2343508
1432440
3150640
1568324
1091820
1708351
3280850
2090637
2981395
861314
2618135
263701
1426171
440863
1300203
1536763
1908506
985828
3165980
4084548
1677948
2964891
1079737
1140005
1463503
793116
890792
739073
2090241
491698
1511661
595727
2989813
325930
949995
476558
3806990
2315235
2352088
1468166
922803
1420821
3286784
1270431
368833
377262
1093687
1503456
4332591
771791
1842074
2013548
985394
3420611
1223383
2273800
3785517
287355
193296
1984290
205390
2050827
658469
52305
594303
3981283
4267088
153842
568302
1097132
1441338
977303
2549783
1840180
291334
748615
1834092
342444
3370018
134768
3658780
936358
479344
1712755
358021
2781161
610794
2384646
1870160
1923037
2890674
308244
825980
926939
2812058
351060
3270108
2677204
1362397
72472
1312827
1451920
3290170
1638917
596487
3123597
198231
113571
1073108
281802
1352168
1718078
2665853
1091240
3013151
413994
589863
3384175
125608
2269707
2039668
1089311
304743
977790
2718686
998589
158207
800232
249469
964784
10668
500317
1560330
480544
2472362
2465680
432684
409333
1992427
471477
1315411
702337
2392821
2152431
2558594
62447
1338511
170850
1286691
290888
2911507
1511774
755027
1477257
297506
3938031
284866
2302401
3203221
732126
1107710
3411053
1338681
1798502
762766
3278655
47569
278022
2223865
2711992
1763703
536771
28807
425458
1954773
435677
1085824
304217
507159
3730992
1332190
3922316
1857953
3521676
1971690
701346
1994566
1873850
862812
1510298
1442314
803168
2263501
2099799
399771
181393
2906786
521199
1629518
1219486
361217
177901
2087826
535340
2134467
4445713
241503
386698
1801679
645276
1617665
4415302
24251
1091535
122387
3346679
695476
1961025
2501941
4449582
2393478
413812
281552
3378666
3264500
1874983
1944426
3353009
316069
1345228
86648
282937
694604
2351930
530980
2078026
251761
610482
900812
343554
624680
948776
272702
410878
3403628
1586592
3446568
325806
841302
2596194
1200552
2602671
1427547
3562610
371428
54991
3711524
806052
244721
1031582
2956216
1610410
2509636
1471472
3549302
1247522
871906
3721678
242690
372235
4192763
2184513
2664162
1475620
2569990
1218235
131296
1887612
3285734
270624
413131
36909
370510
2227666
2384288
1889486
1237125
2294923
3478082
419486
494631
2533371
543424
2210088
1006898
632832
819540
3998995
1191127
1837719
940329
1769691
264675
4392725
2490916
3769618
2136495
317017
1364612
102488
3757486
2978702
1937008
1720425
2443105
3211066
117389
63305
166228
293322
784388
1651607
367888
2409482
1869167
1594874
1021139
141875
1518826
875479
390562
1155529
3798848
936175
2699801
1661513
1612511
1736924
32143
987919
1151030
3093342
939410
533923
1478204
2089175
939613
754901
603627
126126
2322926
3119495
1792945
3990499
732955
1356475
1375374
871472
2720964
208381
987023
3447136
1622783
2897383
1071460
1189752
3458478
2912316
2419679
1003702
2244
2034535
1834988
4446
237510
932802
1694223
3092752
1640757
382980
3491784
3456386
3326948
3455907
3549282
2940258
62719
1823734
637494
1396013
2913069
2071388
320304
294713
3564750
1558041
3483727
4210066
716023
3821036
120768
3524818
2272910
1560990
432926
821604
2098063
1021689
333246
222379
1190941
2127374
3049522
720782
1581290
2214658
2316758
86133
95590
148377
3656
2812900
1955852
698851
160942
123678
1833048
1895518
3669600
1285473
2221645
196365
4004926
1384560
3052260
3021786
2767059
1971593
2875718
816964
487656
662230
2710930
80334
3836356
3689872
1904211
676399
70573
4381649
1749042
3778861
505541
1799754
4000249
483884
1510017
1684153
60290
1712259
495857
1843201
2330486
3446362
1422732
3083817
2690193
387561
1906231
943687
764516
646125
783144
1613404
2676308
1788446
1330637
2996390
528993
215590
882341
2684076
3372772
2096761
561894
3110091
2279881
1134651
1103680
1016647
2497748
2980298
2231821
374069
1766244
1021147
20870
4385211
1066547
3666052
2772658
2758053
1798179
820335
744955
2669844
322531
2051763
295316
649981
1653778
267688
854058
1930210
2450582
3097186
835025
2657548
1288071
1473830
2824613
285084
3796621
1081222
969356
361329
2614148
1131418
1096198
2010078
481595
4200851
1434980
3766634
1914739
1895215
1817985
424526
1346126
4181547
2094911
2693809
1877846
519828
1649434
2811104
1434425
3117929
2951404
3326949
3897276
133723
2546332
365428
3040596
2524943
960472
384900
1719702
1713924
1545574
1262249
333576
1670287
2546732
1143514
3134541
3610435
1837010
1443243
289893
1246777
2233527
2049208
2535360
274604
903322
2693891
306454
1315008
2691866
1924594
1203030
2123639
674446
2355006
1158863
1524528
508204
1591133
632442
2261543
2898141
3491543
3712377
2168325
1512810
1455496
2871045
1081290
703985
458440
387863
1177213
365576
955055
917747
3116777
3132469
1086179
611102
3358748
606267
1353765
2433066
2083852
903327
943876
370743
926525
3072170
2884327
1929371
343706
3823520
740293
2050309
377367
3624087
2038586
805529
2431376
784775
1969018
3789153
407459
1950052
883952
2515997
3036058
886801
2284988
89252
2610248
190996
153880
1750929
868772
607054
1136973
2200929
1702179
3026891
207413
2070151
1976904
1660513
3159144
1389310
1285233
57408
2032209
857730
743586
2733720
1732177
1947199
3477312
1042348
2534621
680763
3983678
2197513
511845
1838017
2252799
3984528
3366604
2659060
1691713
522639
835824
318499
1694004
947758
3280374
2961605
2076966
1829182
967650
1819798
1922452
626302
346960
3061457
2506983
2675002
382223
680359
2155749
1361011
3720377
3347918
442385
2289082
2038775
767839
1482610
2005376
660492
2292287
313801
183911
2338484
2153339
4386686
2640116
2891472
1633347
2687237
2978664
684844
2543902
823937
3739670
1457374
2820846
4192195
1186448
3566822
65924
3052693
4324417
86444
938404
1003860
2399398
1153885
1132255
247646
143582
983132
312042
333369
1375005
4226711
1673960
671663
2176533
842669
1410270
4100314
2767432
2656440
2186623
3234318
700416
2058571
3710881
1950592
2777419
1578174
271731
3148761
2103975
1783439
899813
3225737
2422132
1444917
196461
124932
4177652
1918902
2853910
111802
176574
1230162
2362344
4879491
288507
3593047
2802152
1119143
3544051
716216
2684600
2440835
1933307
139440
1589208
1927570
137081
414819
2353857
648145
266427
4083871
2031594
1568362
2802915
996768
22082
1807076
172088
1772016
1711687
3518685
1605405
2773222
2491258
1068225
2284902
1529807
97004
1804142
514722
2985529
2692035
362987
2297973
4392537
1261189
3678396
3072795
96154
691115
3302903
1310486
3966913
3442992
125869
451866
4324310
900709
1508620
1723869
2975892
1895181
901256
1603499
53674
4623877
2413080
1839522
1516530
3578660
422011
1952781
915158
4444238
2436089
1379642
1554986
157635
1178047
1668611
450840
4767313
2301944
4269982
3159921
1287607
2090331
3346170
1481811
456722
4363790
4544248
507117
328388
2597062
238462
2299828
942832
2420891
1122687
1002
619111
3173136
114322
2391031
854423
596335
1134353
3111791
1605797
1502651
2967812
913463
1166643
53530
795427
2354798
1138278
1851973
716451
4525590
948506
2120207
248878
3539423
975553
2260725
1395541
2192297
263126
546982
1065785
3763268
2879964
1775885
3272814
201100
323609
494369
2143261
1388147
141577
199211
931136
916015
4575426
2004215
4339090
1341401
588092
3434988
828082
485890
1719962
2712026
2095590
412615
88676
581677
922652
2782642
101811
2180086
2404198
2392185
1671280
268224
1350591
142807
2394768
2649326
3812458
1403480
1124356
58185
2563775
3383595
1355744
233884
987090
620563
1472058
4780624
3739595
2968214
1461482
6662
1071495
768075
379976
1542780
1338071
146887
4378411
2152773
2242646
2528008
1161124
1150638
2674630
1027349
168056
2263570
1436633
2257765
1094109
68643
2574976
3840562
15552
380402
2422510
2166798
1509226
1117027
672414
910061
1839973
401125
272552
629682
3371954
676622
2518764
2971807
773658
299310
493553
1322229
4121357
1895391
4348934
210795
1003020
2837845
785430
1179590
2753426
1788932
482980
2086615
3632014
1842828
2448081
1965556
335472
3059482
106323
1607868
61798
1513246
2048806
93005
1594991
1615999
123845
148687
4408358
2928783
2228788
1671659
1062112
366763
3014300
3671016
3874097
532226
49807
970776
351148
868586
422462
718768
723193
1859061
1754299
907712
3286161
3755080
381101
2956281
2833596
1314164
1033996
30180
1385403
2002204
3430437
3259098
2665790
737229
1060710
3057643
330657
1403975
1325578
4605157
3240273
3887693
3118128
272453
1994683
450349
1838451
3568815
198571
3181136
2174158
3989815
1010621
668931
2040303
467410
91000
3451250
4135673
735743
901740
1483448
324563
3693572
80531
1402939
2029545
1015842
1932529
1354281
2755426
658783
3779096
187493
856955
632173
590512
3596187
49065
3228825
3811771
2890949
514212
1236184
2482444
574316
1001051
1887846
499527
2395528
2992880
39548
224048
333163
49553
1569573
420312
206106
291582
746200
1305982
125266
3019887
85066
912007
2465807
412942
1335661
579132
904381
753688
473297
1611889
1089822
305979
3228057
2183862
577624
707148
1622883
2139125
1241280
1543357
636334
1099693
4551795
1397362
845271
1582979
1187392
2283116
1459424
193317
47159
384097
323741
801369
1168754
818598
1305553
808060
1191882
1332171
255681
823603
3471839
598903
945799
1104915
2897106
2393751
1810831
4118016
1066434
102832
57722
675395
2071271
3460789
4042538
3498946
3129149
1762340
1448557
27258
1875885
561657
968643
117689
1432048
1673759
2660194
1235481
3261436
2041702
1696572
2025636
760305
1011430
3551270
1563434
1430306
1977508
4088449
2593346
2115405
3723796
4607451
1638504
247730
2174821
2840226
1338780
3650136
1714788
645231
1015213
3989205
1937625
1749818
506371
2704546
1648384
1752537
1880411
2862468
1976140
147017
303761
1509249
770020
248660
3351348
3503955
801448
3318829
1069278
1006421
1555246
1025467
2677085
604435
2112692
3487435
998380
1032589
1139123
4505986
3648586
1634570
1955435
2589457
2723490
1796674
535022
3236628
55813
3106673
2203025
2817588
2345614
1548034
1710826
141119
822630
1687806
2011045
1309014
924439
485645
966257
2456876
3202706
543670
1568472
1444231
681356
697223
963598
3579974
4312271
537149
2580168
3889796
29861
203018
3408587
3117244
1084455
1310408
1910425
2353295
992879
15264
1069051
1679868
547310
2768809
2501007
1985551
517370
1572043
2263309
723954
1321433
3368493
3431404
867821
1161223
515923
488514
1033655
872196
1350219
437198
4102294
647505
1433356
1776344
3105674
1600115
2797480
1384602
1264637
420446
205883
1250153
871359
1695847
2635305
1633738
82795
3815078
94866
525105
2862583
1059300
1071884
44430
2103503
862095
3570306
3583265
1094483
1768090
229064
1480418
472095
3573461
949411
631725
813979
1038473
1775012
42404
526234
1349709
1199255
1853638
1889187
779447
1734824
1519450
4220806
3819511
194261
927834
1498311
2797877
181823
2064830
111338
491812
3373991
3137534
1383479
1949438
1872059
583774
3584200
2412404
1684962
448148
1510533
1715961
3351120
1819658
595280
182391
822248
682041
734238
3543550
234801
1197359
3048929
2316706
468815
1967919
2715361
1827377
763394
3533708
1846068
654402
2889608
1210902
4394046
3333095
363735
1458487
148123
892365
2703610
2269259
41707
1570964
853030
978046
1125331
2000865
2801620
3735822
3991469
374044
3517218
8257
1002993
311193
1953497
813217
1874487
1105940
2528401
1427745
2928721
535316
4222356
1921809
261227
2898503
2146414
591322
646120
714253
1321956
463568
2478263
2776878
2371489
2189750
2086000
3633
3632542
220874
3854604
2284908
621786
2692411
444964
3864079
2113019
1809292
2239043
1018620
4007631
458861
857586
2449764
1048099
372281
1805154
716156
1756987
95248
1340585
2213193
3886217
1428438
1837719
2333281
1564934
163969
398248
340093
3138325
9734
1202386
1978896
2617174
648990
3879332
1394989
124636
842195
1711321
222557
3322350
521850
1939770
1678000
247987
4351484
2200697
4411550
3439322
742386
897162
3248391
1823063
1972101
529673
1729177
2553605
3140043
1295908
3116429
3352621
400390
2619432
1568218
1352523
2470830
4482959
1503165
1425721
3260898
840350
849684
4482344
2238413
3973780
2126476
372599
1425093
2583362
957968
4291181
550647
4017392
189963
4489798
2437880
1473121
1180847
3968426
1013771
2015541
3546521
2531097
2695681
470888
391105
1726231
17296
992013
541580
1830721
4057692
2038772
2521838
1243911
1849730
1641936
2411728
696125
952943
65325
2656438
737819
1168653
673552
464124
2950207
2858032
281358
283683
1938121
642468
1393135
734461
131669
1447452
2284925
3474881
1080179
179081
3561483
722668
1530764
1030155
1058285
2662515
1531669
1967790
179131
1794163
2589683
1295646
271682
190285
1273175
48926
3232425
1321429
2225797
3323091
332706
1233701
1323803
1996389
3438676
3130614
2650904
3950412
1358926
1136693
458699
183915
139381
547464
1822717
2059867
2199047
1428113
1576593
82343
1356479
698545
728014
1982864
4292969
2525668
1219722
150741
760022
135405
2200196
910990
138095
1182301
373334
2167716
3172230
1769018
620543
1870443
194955
1560859
1597029
592721
774231
21571
2888156
630429
2179710
2572860
1886302
2138615
2370478
1957924
1896253
1617278
2544757
2217391
1911957
1727461
2210578
1116346
2675636
242911
1319099
1756114
2585859
777627
708531
1406370
3454845
4300331
2409462
3175190
2726018
215960
4876906
3476786
412441
663203
241500
1962463
2491366
1239020
199296
511156
422169
2387491
2688362
1459292
790576
2629314
2146638
1698113
1410851
1806522
1246574
480194
876935
582006
565634
2138517
1114010
2018271
539945
1557661
2438286
866421
3440389
1434869
1876100
1549751
1129419
80470
702
449235
1255311
232566
1223452
2608241
489383
295054
3636310
1394966
1324653
188163
2809111
1193188
825637
2139085
795600
2900220
929221
1271696
549972
257265
1831051
2074851
543605
309303
1095501
2650056
2747808
2442783
2983095
522694
418304
876376
2027879
3919460
736016
835953
979237
746563
1778246
231701
1847407
4214762
2511958
1352974
1001633
1126917
1281910
911749
995961
3452298
928723
854618
305513
231233
320264
2223490
1978779
3001617
631685
950011
3350462
64328
887796
303344
1012261
1732239
1386483
1276656
2724874
3955260
1213289
1038817
544499
4683246
1644574
1548192
2748669
2104968
744869
164915
3034295
2753160
482187
3735124
1683239
1499600
2212870
1470459
1351942
77341
1090269
2851430
1891370
1464289
1104005
3559094
581044
850665
1372374
2595002
1935946
2630442
2481830
1719551
2701264
3201876
4641977
1695272
1438806
1614644
3116212
3281785
209403
2407267
974801
796348
3784964
1331700
1029367
1611584
1918284
3532450
2936104
1200793
39017
795312
3729217
631023
1486340
88021
1862103
2707724
4432497
231346
1934258
591627
102799
486196
808762
1418301
445707
2021945
1265914
1387594
714203
299408
2388242
58427
632354
3850459
1103901
370024
2243195
3846445
3152361
4259657
2462390
2885042
806702
1588350
773873
2168295
3703161
1420594
17424
1688673
561489
1021594
105084
656942
175745
3013799
3690083
1414338
945848
1393241
333632
3228258
3881936
921152
1114098
879101
2134727
426161
1829915
1234396
754068
314800
138264
738695
4579293
713160
122449
1565073
791345
864880
407917
1788746
3051826
345121
273356
3951889
198234
1265113
1533772
456283
3160124
614166
156404
2677263
256077
3910476
3120718
1767780
1042692
2937863
110421
540358
1518860
436987
2256778
599615
1221258
2391613
2101184
2295332
1208366
2993511
106266
562360
4072672
440148
2443433
885331
287592
947189
2646481
3354179
3981978
77918
898852
502701
712417
1470166
225269
1461114
2581835
2855055
237998
805977
301484
4167215
3266616
612514
1975165
789304
1591354
2561410
206400
30752
173523
1528818
258653
1014082
148989
3222488
2124671
1003109
333528
1514536
293118
209899
1739603
1035972
4263048
1146992
471885
494102
942027
2375277
1467025
2235780
3700553
2273395
7918
1759239
2075209
833269
1192043
1234190
1093349
378286
2976259
1973187
1578366
897095
1403948
787442
944533
759671
2270188
1171445
4113139
2076304
284634
765502
2516308
1951172
499728
2485495
431631
881118
208458
1968981
1662871
145761
1317316
1638152
1514357
3359030
3863784
16581
3560060
858631
1980128
2661857
1804303
1062643
1580696
2635873
4251817
970307
2286607
2505334
1345016
685925
3080240
117862
2649667
2032127
3807265
2049752
322997
427254
619225
1946415
888179
1580396
281892
239219
43597
1905119
212193
1680572
1003245
275078
1478992
115813
1305071
751004
251499
3261734
1861053
1168246
2568733
23506
3146271
2365592
81982
401596
1046954
1890556
3042889
1308809
3374515
1578546
195931
1174679
1563093
1482842
3258992
19924
1365282
373489
93885
372641
1087119
1512597
327203
1339882
1715458
520650
365485
1779845
2233502
1445205
647424
3792422
3837911
152159
806800
273798
793982
3331377
3220539
164032
785189
3499131
2057289
199069
613490
173399
47277
2384801
2115857
2388748
90544
2658268
523939
1117126
1476656
4497767
4075923
273815
683123
410016
1048250
1205760
3878042
870152
918072
2518580
759964
576227
4542481
1742193
3110721
3210377
3000918
123864
2470681
424434
775437
3489585
262523
1466290
1046233
344617
1297428
1834445
1699156
1935906
1067175
1990281
1115872
2519708
2283854
1014635
1347287
1337120
1020524
920429
3548497
1293899
1661868
1385972
1738310
3176722
2578555
811711
2614858
851710
1176681
3277595
1739947
2765956
2694318
2726458
654287
1404014
2175042
2519924
1255821
1580980
990597
3730765
699251
1542277
147689
1912687
3132746
1227568
4020509
1013863
148363
1099685
619249
686578
381011
3612812
1668438
2095522
1131195
470235
2720853
554215
1581685
1721355
362948
346021
116762
3468292
2937056
147730
74424
1961755
888653
764934
1139038
1932921
2301474
261645
3676772
1289464
379915
380890
923343
4196
865163
1471731
1527338
4292142
2835928
2207618
485037
4640460
3509043
690312
263315
488068
3163801
2436420
791819
1943214
2391358
1023073
927154
396611
27796
450615
991739
1839338
50522
29287
2336965
201992
400650
2168605
1477576
731206
373625
3032360
1652647
1787186
2338721
231044
1212513
1833395
3241920
968592
787406
1979328
289427
1237170
1649539
2872428
1186799
134127
30603
1072220
1985853
1233016
1571254
1732694
724727
850889
1753847
4481615
1100321
870405
3074744
3428613
4234146
662994
1229316
1330907
1914307
1527942
680265
3165127
972542
3337334
1241558
2835758
197976
1219098
1160653
991971
823615
827141
444080
3495008
914353
912563
146700
281073
3616786
2105744
1621562
876872
4142711
1020381
1302311
2745998
2823680
882246
235838
29329
498765
4088065
478087
3524984
3019781
2308229
3212274
2226506
20585
3712228
2997268
58061
277831
865636
442712
1073931
1325014
654706
2536111
105788
1750204
86839
3116849
559766
1589710
1300088
810112
1142500
260326
684193
4327087
1457317
1278928
1533374
2847695
1058623
1308224
2362423
818429
2579340
2426037
3485073
47012
2517430
1420281
1843516
1722858
1361780
1410626
1688591
3418672
594603
537664
2633700
1977659
601112
1217026
2256974
3763245
4198836
258413
2666255
2995171
3071754
3485603
3793347
771446
198939
1116440
3634382
2032535
308638
2204082
2247062
1741381
3069647
667424
212399
917051
1317123
302000
2323366
4333480
1371895
384506
886405
81014
1870337
2572376
1500309
338314
818028
3143885
4679955
475926
158437
1706685
3309582
1333533
897418
107731
2338997
597946
675057
1528444
4286096
1798368
264666
270154
2744166
474674
286353
917171
2686570
4343779
1876581
3600209
920163
2866323
555757
650565
1316201
2715069
2436053
1320318
126423
90133
469469
1168326
3198482
2633668
1645478
6067
1285359
2703043
2323665
2320637
3990109
245947
1273627
2008093
2576235
1923964
1265656
2028945
3399591
945522
84572
798475
1943143
113254
3455103
2943656
1315892
2350626
3827151
1799335
185218
538853
2663513
971185
1179069
2331160
931799
3203760
1650743
1508898
353708
537712
2617377
2613870
983915
2749790
2914646
534329
2214277
1916677
1802485
305682
1950105
93911
2128523
98546
1767338
929801
2991254
2692672
2446183
866600
2972075
3900756
381301
1303574
3574004
1888477
3108940
1480526
1772367
1033058
4329242
3732295
3146954
1219951
804237
4696140
1632009
2536849
60042
2207882
1328584
1018925
2256942
2284398
812883
4547079
1660752
2692274
1094169
779970
2614315
312683
518740
2865572
1075268
740749
1531022
3418408
670652
1053369
430640
3799070
2472635
622930
467932
495464
1151137
1842455
756793
3597059
3507541
1388701
3851545
2069869
962209
1452893
364657
222424
1065982
2157376
1134500
940137
1654138
110237
143567
602807
1413621
3009217
2470561
1119774
959015
998702
2039843
2327236
261598
107871
3302983
974492
4814471
739304
602245
2358418
1296183
1976881
1354002
2723281
4240311
448553
10883
4102466
1156043
3778703
316821
660593
3029830
4385583
2741733
4879326
174710
2623706
1590800
1135071
947562
1909980
2126907
3006553
274537
3814337
1395482
2069079
918359
1903029
634593
111329
4537554
2354354
3185331
2042927
2627438
1846436
943497
2781523
904509
3110488
2337015
24876
188524
1937713
2897570
547342
188829
495553
2994327
2483206
466049
3276890
1036742
2917620
3329078
677496
3019854
984318
615210
401968
1953689
2097920
1532574
1241079
926656
1330369
1862372
963959
166677
1160348
1276145
2538268
705476
4211688
2372433
3531497
1312915
82390
192436
1911977
1728269
4346204
1116199
767809
1049645
2014271
371862
423634
3122202
3470023
1145659
3947923
3479900
2216214
1193808
2180077
219348
1503819
1267155
360102
1254730
2248422
91358
1297589
360895
2439364
754084
3525618
2140321
4184648
2151044
523550
1146917
120882
1465914
1004706
3527905
1431155
1314780
592791
4423044
864419
1666354
368095
760853
2018245
1597695
1950136
680797
2630660
3202065
2173684
2362144
2804319
1822554
1244424
870130
11392
4031497
1108304
180866
2914663
1451974
2106083
184942
244197
807526
113604
2150132
503947
3220686
2088068
2057246
308005
106883
963887
749765
1622031
1855132
1200718
11236
485508
3228616
2383108
87309
284057
1460230
2572185
3905218
3204495
126015
3984543
2581383
1053830
135028
463822
1719224
635156
845351
1112150
856724
704381
442045
1921886
852692
1834783
1704506
316892
287893
1574269
1972444
26894
210648
1221933
1249305
1426457
543321
4410665
3946929
2174064
3022312
2145551
37761
938880
2444269
2648907
2667793
1378024
138877
4031772
38291
320852
3659067
314698
429852
256301
962791
1044194
4180889
569720
21564
891120
902817
576625
736679
726887
916727
593967
2517526
1186241
4584457
373596
666246
3295006
2892844
1537748
365285
791985
296156
523170
3712749
105551
1208813
1214459
2977772
60759
3199418
370898
3228572
4376632
2585805
2232465
209572
2428134
3544356
742059
4575524
3272827
1558354
959246
2211585
3389987
3766307
2509037
1104912
71083
1447430
103371
2046151
1603259
2142295
2293105
1825471
760716
549642
711823
1256137
333937
1495838
1399954
989720
2652827
624689
334188
1403503
1413067
709978
2460836
1207474
2185494
3597926
2327824
772387
543721
1249422
1234840
3655353
751224
171657
308324
2995171
495821
2076629
1593999
2050195
196936
2104963
570233
627305
4017818
3872393
336655
2000086
919167
2828040
82233
96618
2471844
1547652
313243
274464
3836987
1367394
1361748
361010
2051545
40729
1946581
3473573
1064466
887046
812248
724189
381633
763753
908429
2797942
985587
1230937
1174254
2577556
151066
660934
2868854
5930
227545
647040
3284426
704548
787195
2392200
1084238
2140903
579222
1696947
686081
1114251
1738664
2950435
1310249
81072
1077151
377270
3770643
4099842
1014332
545539
1472872
2083692
10067
1707907
270080
2864538
1686096
4704367
676012
3574739
3893428
1814908
75976
508371
2650640
1079825
1214211
3052785
3326515
2587201
754830
1211761
1369971
2667143
600952
1513516
283879
3492072
579357
133265
3255024
1256214
201556
4201339
727263
298755
2344209
787092
55667
2359580
27875
193757
424359
680693
481999
2060955
684416
2643837
1406367
560734
1938893
511842
1188207
1897915
1607437
1913933
1793499
1950627
586389
2765472
2857585
340906
656839
499644
785947
2260377
2149687
473855
2519648
2146529
1060844
836487
1861405
732356
2675679
3530541
1557520
3992029
2313277
2426970
514347
4073728
637880
1089324
1722525
1068488
1835498
694750
255279
1176122
376415
407668
1143168
984561
3171822
49591
11649
1282933
859183
1281339
1883232
3653530
1119170
1115848
680780
740069
1083233
1632424
680992
353093
716392
1653573
1364303
483586
3432022
1786329
981062
976370
548975
2467224
2407635
2284084
743047
421797
163713
740440
1444262
512851
2209460
400947
951404
427744
3621528
381490
3652719
3248954
1441587
1152848
1211202
2437780
1632143
3331837
3827303
1769742
1886896
2198587
545273
957641
914724
1943056
3904588
3901593
80773
1407597
1987903
795371
623631
3083764
1215123
1659013
461773
171787
3156375
2881667
2498526
818807
2137060
2545992
2318587
1034048
930817
671550
2549028
1519318
1239633
48142
2166283
2903552
1243133
2620209
1657377
491253
2158369
2712408
1812408
1177324
370833
689052
767089
1028821
4263644
978191
1110238
1709320
3882659
1116184
1219477
2070205
873361
2080001
1862292
20256
125966
1937654
292538
247204
1014312
1664612
1450412
2525179
643727
522603
185098
2819892
480436
127274
1790047
2082904
4192310
1054323
1962461
913710
3366706
3925428
822300
2939441
730273
3870832
119035
1994906
709992
2041362
409875
883075
844404
1926840
424482
627303
486953
375922
1190084
3122931
1348625
449783
10439
2525199
4013308
3518156
544612
3884015
706331
4231624
901498
15385
200360
2066895
557840
1441043
3438027
1181433
2771216
787857
737705
1910148
687796
3770657
2162039
2524294
2147219
2666473
1130785
432899
1996800
871649
2893461
1779738
2202129
3578661
2953089
565981
437745
2689024
1090620
712942
1225142
4349038
976586
3345408
1404941
315978
750043
1538831
2593930
1063224
1111990
1597813
2923687
832210
1903522
486138
1676314
2422344
546801
672208
162763
593274
1893130
512206
1110306
21619
1075726
1526648
2374764
2697627
4398830
38375
682536
1170044
256074
1043977
1471568
1340530
431719
298521
4233290
692699
1362098
278046
1537782
3081147
1577750
975390
620502
3897378
2327970
67117
748705
1311340
2282579
833663
727347
3112169
990818
2668680
160825
349480
1053173
848293
376260
92230
515767
1364504
3380324
1552541
937326
414260
2568365
1206984
1250583
1135064
2699567
454626
1728446
752708
151483
123306
4450439
198773
1555253
1759543
1084103
2559558
1889643
441219
490248
2108874
817664
3785895
2022988
298864
796445
1331805
571635
3367552
651709
3540883
4126923
3183724
3989299
3365458
4349574
3281599
965099
2744892
174041
3208285
1631586
119245
741038
1206492
3415331
1349099
1624275
131236
2781294
872976
665844
3932303
1324084
4206137
1247883
886875
445062
2373475
2208343
114967
1410803
1715775
611860
666414
1721912
2394516
768155
2401
2230117
1359977
3374459
1831937
2869855
4583111
3226347
4057
2555344
418833
1425853
1454297
17525
1343743
2630140
310986
1206399
3675912
2817058
2851043
19092
1081673
3731109
2017994
601664
742628
983625
504287
2735989
1429684
958113
2859929
2107062
3161344
3588578
4315727
252185
314088
2136371
3443762
2923080
1199386
4635791
981956
2753923
637415
3926600
1382220
1451238
594463
315633
1308562
1824200
4720739
4474259
53659
227163
569023
2018994
2296317
2111625
241385
2845992
2012837
652032
3149312
752568
3439824
2308517
2526535
2323196
394964
2027056
2166471
1257492
2014022
1826201
129251
1097567
728055
911769
460966
1921342
1232960
2819242
248580
399380
2242043
220837
1505744
2472006
2508391
955761
1469721
590738
1177126
179014
1829866
1241982
3621777
90760
699845
447455
1851721
823479
3047432
278669
2325664
2846672
129587
3199055
1786376
4088672
950546
3613685
2629951
2026090
3838780
3438583
857815
2758738
2489794
3541737
559704
679542
390539
363898
2435972
3627628
862894
191683
3247859
553367
2131946
3115146
1942980
3492423
3373609
363980
742077
2139538
304619
1556244
1238463
536962
240152
3970554
1308954
2025522
3113893
2055344
684978
1479889
392678
1231362
1726325
866424
1611714
1909672
896277
2202
834939
304166
81503
2112459
2434445
1019118
1525920
429765
1590223
1313857
2585156
1447467
3316209
1203289
925032
3046108
2198215
3106790
715275
2537164
931005
110358
1291674
1247446
1985885
1941054
1521557
1206851
16859
811725
1335134
3607100
2561691
3632057
499905
3196750
2003687
527883
1957351
968286
1910072
1380997
4514956
1457290
32572
1801298
1526429
2258231
2194466
1038324
366405
827778
546026
501706
19832
1403272
575696
413733
3562386
1717860
1686902
470732
996814
4545848
2217223
944900
248003
1660989
546380
4274147
4494709
2523379
3074834
2926406
460241
332673
2302505
463189
982937
86767
2488103
1279245
2942821
641700
3044523
2767274
4636648
501096
4320635
143861
469350
1723639
532013
7183
2707943
2069958
220477
1096275
301218
3697298
485277
2826688
8676
3863380
4045391
822015
99897
2283835
3106885
2130380
4569726
202455
3071615
1041620
1336981
637793
542646
480607
3149069
1462752
3138319
1800130
1756462
1112011
2226866
2858416
2090365
1192266
1747324
589853
367651
50579
355413
83664
3204562
1842319
2635288
20499
24902
2008797
95487
913473
2554970
1046189
1382707
2529238
2953962
1685108
3174644
4009382
1752626
290526
1382710
2498364
4099400
1315680
551788
4209963
2984694
1368724
3268530
603866
634971
2496080
2262569
3968981
650212
297613
264277
1658407
3534316
706511
4404702
60651
2979915
2709376
241443
1601482
1639447
348294
1168740
2117365
1215180
296296
957427
1250655
1927043
2450913
1631304
50450
4193357
618380
1742509
1935300
1875487
2719824
1649179
3543525
132203
1193979
2497329
1666173
529622
1925008
3478999
743887
210175
395202
2065375
3097294
719993
2084435
741076
260188
338166
457936
742858
4079214
1322456
503392
1217840
551576
393086
2530051
1421356
1818478
3338544
3354870
2484847
1564619
1598411
2470814
1019552
2451696
812563
2222183
2687771
3715926
4642351
3940241
3661296
12591
239168
1198140
1679405
2389668
359842
795238
2869307
1210642
1902502
769110
2332015
3096088
2325888
1550146
1091383
1366358
1356789
1880567
936585
3649647
581186
992372
422314
997184
609555
3328193
3570551
2397071
52621
181997
2492305
1170316
1211065
124709
559183
2242754
2995681
3532273
882020
1553502
201637
213945
142811
51335
1220069
296510
964847
3308817
431698
749221
1719695
1225458
2486578
701507
69818
3032280
1044364
1058413
1846673
2605688
1037656
3166540
960951
1014553
1830742
613062
2951202
4493435
3620796
1142666
4351535
3563099
1613108
3628122
2944690
3298058
522209
2247501
1373813
164714
38213
12925
552549
1478622
240213
253287
1081452
932332
4316649
290833
1234190
523500
3152038
2861952
2108717
345513
1224322
2721517
84683
2826642
2742348
2002080
3370006
2183077
2021115
4459278
1267112
792733
1158008
510764
1733646
3549029
1235699
1319752
412114
816671
1758411
839712
748282
664210
2623585
1020676
887686
1928105
2593239
1419649
1461074
998867
204112
2045680
646575
87055
3865268
805413
1202521
739602
5275
687421
2102517
1173915
1397254
128325
3680955
1945695
1254019
1061890
3075993
1166978
1724515
2726705
2105251
1178540
21016
3785707
1655343
3358957
246932
4009214
853525
2973984
3710258
934119
924427
1733756
2172676
1315088
194416
1424255
1664785
882599
2568358
3053534
2506836
2423708
1233820
446364
660289
1864967
271585
4172552
1846886
1924011
3036055
2264360
2065440
275984
263440
1086497
2351613
777721
1956070
1757694
818658
755857
1266011
2635647
2307696
222767
1581237
3254525
3817579
187726
336131
1840874
2314932
3783840
706760
2987088
499640
613264
3702204
84303
964064
4563254
2362638
240472
2281096
592054
4019251
359409
1685899
717020
230965
2297458
773685
205114
1231774
3992654
1557446
445632
1682651
2533983
693405
1623334
1938886
246720
1993440
276036
16660
1966355
1798897
2767784
1648306
182375
136020
1018608
903452
995267
3100022
1720287
501543
2371459
3756916
262529
4130861
417556
1491280
485884
696405
210564
550930
1286063
2413883
564174
375498
2391050
1210627
1605236
1085785
475625
1947293
961543
3491904
1701149
3256695
235436
2917581
1695379
1346220
318124
424978
810802
294921
927127
2652153
159152
893398
95969
728991
1328358
4191481
2906573
1703182
645198
2562206
445305
657104
328349
1390854
2112267
1977451
2282871
2655623
3699347
1021471
504940
2786762
4217653
98794
1703758
849317
1112988
41785
166257
942356
3408937
711077
867350
568717
1073472
180309
626688
1338023
2805082
1394660
381925
1049814
371112
1152296
446391
1005376
422782
963715
929708
1739965
2525396
433050
795414
3685503
2116841
4705947
1410229
407357
1293971
2641165
3205588
3710345
1367988
1426832
3014444
3820768
57715
2514206
2496029
2434904
380716
3527138
2760544
2172582
2329316
858904
1659838
3669161
550044
1154112
1665190
2314632
3433401
1292302
2034609
1211168
339594
2685920
3084174
928032
656818
449972
2266207
784987
686213
3176242
1938215
2383445
2208487
454195
1164031
1481771
656178
353145
1544857
1005626
3606478
451456
3200954
386226
2247244
2067480
161074
357920
385196
2526776
4288238
2680191
554
3090647
653827
1205374
303866
2509713
1341385
714889
3050636
1957902
2535082
631060
4173773
3995051
2590091
2788631
3336103
2329462
794143
150625
2377019
3286935
1065768
996301
209620
802970
2576640
2835171
2985266
146939
2041425
1427466
822788
527537
3369236
252236
436945
868528
618932
2438554
2231151
2207721
1481192
50767
3860270
1696675
623446
1419577
3979093
4598234
1280129
948720
490797
2461348
536252
2618816
191302
1552806
1828687
1022882
160991
2995559
1219752
1881718
4614495
1579695
1751007
1777445
616676
50376
3777037
61423
3810374
1903169
71172
859310
462624
3504545
155170
2510306
136257
3559590
3370166
4721553
305265
2228658
970287
2247047
1840644
3603930
346377
1288004
204731
674357
276317
885850
828359
3748987
1245654
1560441
2553723
14995
2643866
36968
327429
2811058
3157683
824116
150362
3699241
198835
2303681
1875404
1241190
2272214
320707
4077177
71497
821719
667208
1358038
494918
18288
3000727
352777
4406211
3483283
791513
334922
765707
1733123
1694230
402303
2012228
1574621
938697
2999414
2023861
2233000
255570
1071916
3550835
963073
1345865
717002
1154134
1308267
475755
2826737
1866826
2872276
2825025
1293508
3954604
442640
3513273
1108538
232501
966964
193414
807654
652707
801483
677591
3247296
3230910
3929911
2595747
969894
384552
1724667
2954120
21975
1730374
193290
2323809
164472
940772
1625763
686100
3623023
2012178
2431956
2037591
117833
872037
183982
700458
2091600
3781162
603596
714080
2115054
691138
164518
2846131
357821
278284
440490
1420619
802423
1633549
2983161
401699
1297456
158530
386756
4409363
1941435
1305385
3404971
3007957
876590
2978075
2182568
1643712
1421979
774463
4286079
171829
683099
291469
1329454
4320326
2486903
2546204
1211995
853616
21934
976495
1585858
1762319
979087
1455860
245464
8086
2945726
184456
210176
1385527
1626850
3244694
1703005
79390
2996750
455049
1228745
1600206
1612543
439405
298675
1374818
1669360
4327079
718386
1209557
1059374
2233563
2031165
471825
2074660
1475127
468876
573224
1806794
666927
2858182
522902
4502552
1053113
944026
2589419
1276080
1540816
36059
213256
695302
185304
1119648
39929
1262688
1464963
1726780
621441
1125857
298536
2892626
2225825
473840
646292
2604321
135126
798218
773120
1733878
96901
3147065
1740134
509392
2541289
3345282
2589022
452838
2608153
486433
442197
1316433
1896708
16629
896684
215783
222688
2159525
1499173
3697670
1157092
71099
114324
1302876
372838
3970048
3213159
1082309
2430266
492431
1126420
3976809
3634882
319682
2666000
1280786
2544166
2415136
1862708
283283
2504050
2455087
2767109
690530
364209
1659201
1430449
1497285
531759
2248626
942963
3950524
93393
928127
478211
1709378
684998
1352614
2258719
1210977
1755013
1329282
4419553
2028708
1651683
359901
1222736
2202825
195665
435397
3188445
1708
2273686
3153733
1584574
2374156
4045639
2656358
387070
302675
966578
365962
3540736
328086
1981702
565805
2953589
2291293
1696963
3394607
815381
2082116
425930
3559072
1197140
157515
2922003
3019431
875312
143503
976282
1363004
498777
418348
1454770
2302970
2813909
3994229
1986434
2604175
1519934
574026
972679
1987758
1960556
2064054
272795
928111
2022650
1117940
148519
1685727
2130429
394991
641208
1143550
4680666
2128179
2996181
1272766
3614498
280658
4031662
283434
653654
1648963
2533106
1923468
3888018
130122
3035373
4020989
227591
1501464
435862
401755
1274430
298471
19920
1440438
994633
2799994
1884077
1704152
1050505
2264601
967193
1275997
1299078
380990
488892
378984
688025
2024748
3700899
4547049
2433574
118057
2149703
3315459
1646480
3297969
1164546
1452954
647107
1274531
1803114
348951
841588
384588
2005642
1264625
1535632
209956
196062
189160
1242453
1127929
2207282
2293509
1023602
948920
494658
81142
3567936
3763711
3667089
1140638
1113838
1006049
1752091
19915
130574
66131
1001862
1813059
863122
1065944
2894639
1018709
1854418
904343
273041
827091
1545835
1321186
3606506
1143020
2433253
3296472
1430322
1666055
1006287
3657282
3499446
592247
1943792
2775496
2356631
1505192
312913
3818520
811390
888534
1468999
1269205
2576984
215746
2863086
362082
3621798
4208494
646825
2303467
695762
588673
253327
1852606
3926938
734400
203456
1532861
1932123
61216
3845645
2103148
1772503
35470
845314
297758
3267671
843040
332655
1976842
1254766
1088212
2186320
396681
587676
3003574
2669071
2611900
1949142
2046409
3282217
382692
854794
179283
845556
1923982
433866
1310577
681079
210765
2666672
264147
1561138
544190
1856708
138853
2445365
1829494
1565925
1037352
3471457
1351217
1014186
1644392
1365579
3118136
118425
2376700
1577185
1318939
1285985
7482
1425312
284157
1469286
1209186
682805
3717851
259812
2960402
468152
1620782
1910786
2268742
1930327
1652620
2011878
1240693
350408
2562597
2113147
2243796
1378690
2454483
1887243
1292145
283799
210196
655255
1078722
1144530
1210908
569637
656453
988045
470357
1099538
2206767
1528622
1718735
2431759
4144219
2239998
39704
2648498
226933
141503
3252968
264179
652811
2414924
2469590
3042408
229038
2321889
1949275
4497701
2663065
549902
3484664
353847
1380997
4011336
652113
875679
68490
1479288
1077431
1013338
1155411
4230422
1404081
3744678
552751
3643719
2183656
3258335
1066355
1677834
1993609
1961341
1242456
2813555
2026201
4270972
2194513
562617
533556
418337
1105459
75826
869593
2101209
1305767
1925378
3579218
1389608
2648136
3977341
1536552
762245
216283
1133665
3576407
1340843
978581
1365227
68238
1513551
1137183
2859706
1545868
3428235
1074570
3539795
1010528
2025713
351048
1947686
1058774
3129217
547387
1054431
3748295
2205988
789982
1250900
214396
594020
3473188
2744866
144820
4240000
2521452
987962
3456474
2465349
2999229
1186042
658336
1902713
1159297
2962631
852191
1350277
913628
2786127
3297296
2193577
3762220
390191
1523212
818638
352350
3471
2472368
4288696
1915990
3525777
889419
581965
4123793
1079859
669645
1476480
493468
1590431
1595750
2409925
681852
1575764
508734
3103931
1766855
652043
3407338
872987
2680872
118129
1493953
1495159
313340
4028261
1139526
1350604
3896785
1827067
4254757
1172020
2915453
1582906
1898469
1878480
4060105
2135214
171105
567133
4354161
254688
2041498
2157657
1791552
3639216
1546639
3112178
1965710
892108
474470
831321
432135
2860505
634658
408834
2636741
2336279
2689844
3962337
1196152
693602
334552
1359417
974390
2638317
2277796
3995753
1842954
3359314
2017879
2997279
2625246
1455168
2684378
1410400
1027558
143009
1002620
13308
3258645
653801
2637267
720160
2173677
2751946
3845509
4546895
912941
1267665
1275381
1106952
1986494
14386
29355
2143533
838993
682795
1106095
1154534
3939626
1032863
1355396
2750826
560406
2635778
3020098
2305646
2074705
1855036
523703
110996
510860
670067
3643767
3722155
2444641
496240
412988
710843
3718507
2814410
85529
3473270
1112528
2193198
3698377
937373
413730
898753
1574421
904117
2630726
302195
874827
924173
581093
332573
2042569
1852114
3515711
318933
469198
281317
1447243
1658509
282382
2867373
642247
3960572
1024557
148154
3732828
1566991
2976682
73461
56633
1158250
1450507
497216
974215
4103600
3043792
2346664
1216662
332440
1544328
2065357
275148
1937568
1522116
172157
1793881
1991718
833617
4219835
3639475
76312
2514320
33113
2472836
1129291
2387154
24769
1850193
159831
864170
14571
138634
1974800
509735
352111
2374706
2050963
1853112
2582847
853224
1478237
610920
1678229
4623351
929172
2751705
1123794
2092977
2048516
2629966
1755977
520111
2829285
464101
688768
326276
3130229
2645095
4073284
2214762
696332
2726386
1614491
1445789
1936669
1364910
1439831
304627
1223419
1329422
241372
2468438
48218
620673
2498336
2222773
2327564
2191102
1123025
635115
1229783
428108
1047817
2984122
266336
2579178
18086
1115459
49982
846947
564760
653151
2401056
2238405
440245
896451
1888222
589223
1421050
1584185
295282
3078325
670403
261449
4680184
1431233
3933038
573044
1309538
1238414
1090027
149321
300692
922469
955221
1998358
1954090
364495
3490734
1534143
4647050
520425
135442
1147845
1066814
244575
877409
144718
2329279
712769
1191721
2033956
1626029
3365603
251735
59699
1157933
3787450
2339017
3057808
1230074
3120458
225385
956777
614859
304884
1207132
1602584
875626
351581
1796247
1069557
990977
2525165
3030525
365209
1064228
1437731
2554892
3066139
2733230
771044
4204245
493909
2191463
2774628
2107242
1060309
116125
1444072
2579511
722951
1134643
1334735
3098689
2196150
3244714
121853
475637
2522079
3656584
1717335
2586188
1634036
2203453
704266
2266299
309422
2541785
193816
58921
120066
2022323
760933
383217
2026928
255530
1141123
2020085
1934483
1098733
919572
2012492
4128895
1043972
337769
18726
2594518
201882
3585693
1490010
2425045
365811
2558439
1823465
890552
767101
1417948
739911
2597516
18525
425601
1822856
1166202
606089
2928
475346
2338702
565945
3964604
258468
1049687
1873858
2424496
974867
622926
1287192
923369
1238173
2158000
17856
3325158
3540946
512437
636881
3844721
557531
2162255
25836
1370146
1243067
1193685
369539
1996204
532990
1692352
2635031
1719015
1024669
2551753
116638
2417340
3849157
2096268
2650125
791451
1307406
1691825
654696
3189709
142879
1399809
123778
2757296
667984
337016
3138454
334121
1953574
2221903
897828
1440261
1304483
3654276
991216
2862745
24675
1204852
3335745
1320005
626053
3421119
1752143
2773504
1937669
1969259
907284
1721937
2870116
573439
540048
2038781
2963519
702777
3167736
3007039
143457
570090
2892024
1707889
2086808
455737
291984
1560279
2333156
2108764
197905
1256038
2373138
2541472
3286545
3100178
2094864
561301
3384217
2472725
981419
1510102
135483
4438334
368041
857101
1610203
208570
874482
3516244
1549107
613100
1744056
2160987
2227319
1001871
1434030
2652333
2438243
661706
1249815
106243
42937
581432
3091301
322742
2226238
3293877
3478081
2158415
1485457
1959276
883154
2670709
3618128
2677494
2294146
2715320
889697
491997
180013
3136717
517947
751763
1818885
723572
2736728
2576400
2305881
1655858
865068
1661410
1217047
1313333
1815666
711085
4429245
1249855
41334
1937580
1101705
1442883
1728718
1067946
1158943
20811
64717
4865809
1955554
225803
3217015
3416187
2517676
2314359
190681
2586644
2279641
207412
1047976
1728261
2423943
692203
94171
3870670
842105
604757
1350282
1364063
1223578
3254117
4520615
3765195
2078806
2258357
4070733
1185596
607247
1074423
2508150
994773
902808
711099
697290
1159547
1008084
1542678
3521757
2384786
2321521
1657955
2246279
3273366
416585
185767
4534282
504522
1013500
1778425
1697844
661501
618889
1423832
1310144
192067
2813963
717231
125775
2034305
4399669
3451597
670236
3041639
1358599
241322
2796626
126486
1303635
2379582
186401
1587990
697436
426118
1311429
1787922
2437255
728269
340437
321534
2828250
1783583
1675367
3374422
3781999
628379
215567
1867330
1814762
1747040
202248
1105986
2943529
2616151
1332394
903172
3521617
1018202
597455
2006867
1990831
1210742
2633780
1349142
194932
324578
1213228
3040654
4427920
1773737
484887
12120
3209477
877670
9833
1400636
731099
629946
3017328
786414
1732548
4230521
3062589
3593533
1341357
1507886
512671
2664805
2456755
696484
1438577
3991748
254171
828507
3333888
1140347
398986
1171340
4752999
777675
3390189
212554
906092
977711
3467870
2165480
1850093
1311267
2265263
1675431
2764633
1060527
3515215
3295083
1583850
2842390
3439999
3425204
2863375
2823946
4116493
1533959
556432
4261622
1896227
4185841
1530660
4022359
450497
1113363
203750
2476770
1624064
2620479
2075838
419577
189933
1165704
361660
983989
633536
1146448
1623180
999300
952155
2743081
901840
2213402
2425680
1098877
973579
2413300
1503657
562535
1808433
2314099
3754463
3390358
548825
1774548
1136457
3158173
208301
1307319
2453009
765789
1044404
3506699
1781172
492082
201215
2038084
4153653
693814
72010
2389015
2008873
45753
1279780
876318
539853
959790
160296
125066
2496115
2037824
109214
145704
1834256
3619325
316251
2839831
2843152
356305
904650
272408
2120174
2274910
727246
2449304
3838957
889889
81510
88089
1755429
361019
1460833
1716157
1004913
2579538
134924
257323
474482
1797905
2623432
2347179
2585539
481878
645270
2253046
1020366
1771270
3682983
364739
1852955
2587465
4116302
2325869
2304401
2433638
1126323
3260724
3733820
823304
797745
752553
204045
1735155
570608
3427328
1271590
1921154
1043214
889534
253073
1978320
7507
751421
912857
71384
131001
1407370
42081
4159606
2063972
3959988
3488987
1407526
353862
2226419
1183254
3983172
69511
775910
1656408
755855
166850
3380232
3772096
2428370
1487732
127525
434157
1255202
2531570
3106511
70008
3086536
413254
970439
1677226
3577616
971342
3751686
1252009
3086845
290479
1726784
207936
779479
2815759
718633
1068370
2045704
1616194
1436251
3555952
1195984
999488
3530253
1178186
1629463
3239496
976770
1885898
717348
1292059
3836117
1045644
1269285
3729250
2474562
657720
1917660
1105971
284187
2142187
1224402
551857
2718293
734345
386458
2014348
2577488
1547916
1598727
2167642
431685
975697
2305284
3294391
606500
1608454
628552
2226732
2393805
2205535
2081308
1148862
1559447
2359260
506282
883727
2393675
82049
961097
6518
1094350
1591569
2658721
94137
401813
302053
4733034
407906
1727147
3173320
1201996
15254
1004032
279245
1494233
1595265
1324122
2466676
2928247
941888
1886177
1818967
2761722
753113
2703152
1352005
181708
718969
1405804
988667
1662617
890425
747314
1326695
997591
282272
4606446
132100
1985611
1180166
1340401
3123502
2092160
1185351
1205819
3397765
268509
768815
855122
1924092
1236248
2669299
673816
802494
3592322
3756769
2019692
2455400
3219291
1386163
990487
975862
2726080
2885022
2512014
3107175
259839
3569088
287543
1771854
3593853
1182343
125178
2572082
3191349
2400265
3230042
1349614
1924415
2104316
918502
1450295
680140
1079651
3918467
3693279
3083810
59693
2421571
1101877
552558
9877
2162757
2000905
2437084
2512688
1192389
1374150
2814393
893869
992936
2513803
327908
266262
1396953
2972707
1259091
1123243
1597341
1077495
15895
726151
1487499
1231667
4100713
2486228
496920
744151
2354877
3061158
2262148
107955
3445118
2626526
2180873
2270070
227129
2119083
2598319
3888091
47361
1873125
1401769
167964
2459400
1534544
2536446
1683103
2885202
2115826
2452773
4453013
2422144
1243728
1826114
3037070
917044
430122
3142454
1082617
1352221
424484
710505
998531
2096309
3620737
4210899
896554
4360406
1933105
848325
1907950
4054752
563662
4096849
2062837
1104181
2475182
265588
4198136
163562
380396
420579
1181948
4045412
2086301
216917
3500976
508597
687290
489521
951069
578176
1997689
1936834
2628341
2195077
2365974
686432
1114712
1926777
3325746
3136589
127716
1942599
1883761
1379703
887868
4298956
346604
700850
750117
352640
794080
656457
1904567
2510885
2909347
3480551
1635885
2041981
894539
490922
510006
289543
123171
128445
3295572
2296423
155310
3917817
1259652
1544784
703170
1551706
3327156
907901
2012932
3898072
752388
1137885
2529801
388912
1748093
4746761
1711511
1971751
2399674
3929830
2128938
1289723
807446
2925702
3146031
1965492
197579
1544298
1824896
3214779
96285
551912
3810294
2072555
217145
3229113
252909
625053
18822
1060614
572564
1186815
645424
3402065
313029
2929390
2845424
611797
1026458
1873113
2477961
1401719
871795
1158632
607571
2706053
265280
3873795
1414756
255996
667447
713070
1452817
2926332
204847
2740311
1614645
22861
690085
1591669
1590920
1341389
1732595
3567355
1925322
693742
2041006
3315919
1234206
197571
2436610
3268874
1067938
251607
2150321
1233747
1141833
133275
47160
2088761
2388151
3510797
930175
2077111
1342731
1790071
1556655
256436
3446782
578803
2252041
1238823
103577
3165235
119552
2128714
1662328
1012854
112701
202341
422043
283858
35516
358042
1324395
912180
2886247
2544840
1716054
1345412
1350609
1377683
1533504
1148585
519067
1274679
273166
3849421
3398528
3101886
1971304
1240013
1300348
1053652
3169964
107145
1938490
4343213
1841508
599103
1315006
1635214
872783
547904
3391561
348451
3325765
2286842
1657042
2247804
1603169
201845
1112937
4208451
2372063
1830871
1134005
24329
853188
2766986
1136588
1072124
126880
2583665
2475409
4394
866589
632987
1035426
1273521
335796
750046
3340705
81516
160136
49685
145242
1273838
1558427
1237873
613872
81547
1023478
3218180
2561549
3618914
3005421
2378337
1183816
2117123
3108660
207644
1392171
2259782
3159972
3832415
222351
2177440
3037501
2579098
1144192
232920
871977
1512850
1759268
1878447
1202912
632965
2740315
1812356
268414
178600
1276003
620583
1310367
1850173
948825
2937580
302994
734573
963253
3273943
989374
1390860
1799666
1486086
1102877
772661
945858
1747647
2382324
2618201
1549168
2956602
2934559
415440
259127
3212270
445669
506299
886231
655984
509370
2611931
2854165
2497842
620027
1063021
715955
2137715
2648086
540624
354843
1471334
3614481
3645904
2989181
2447573
1302363
1354767
449799
1691486
785765
1710462
2679742
3849799
351161
3509964
1900056
60248
823849
1230450
3546229
4409753
1436859
890943
2405046
75393
433104
1673639
1960923
2147989
202028
494432
401170
2762291
1122916
62370
884799
935468
2418820
3467077
2150135
3459910
103735
648514
2968529
2378093
100248
320549
525375
1469933
1456696
451158
2598774
467471
835278
3232419
2464322
1045509
1917415
319260
1892957
28629
2214944
2478517
1015279
1230714
2764042
1435875
1885916
3251568
827788
2394463
89555
4034660
2176731
3022084
2086171
4267556
397664
1553248
817270
986076
426024
2095360
2599160
3916102
1250442
276384
1394185
2293936
1933396
1247588
3417982
2067796
1294735
229936
858012
1525227
1046928
3699385
851427
4783121
250334
1413796
1176006
834551
854561
2802454
4022685
2587914
240817
1110615
2228007
2863948
